<?xml version="1.0" encoding="UTF-8"?>
<!-- Generated by org.testng.reporters.JUnitReportReporter -->
<testsuite hostname="HARSHITA" failures="0" tests="1" name="mouseHoverAction.MouseHoverAction" time="13.100" errors="0" timestamp="22 Aug 2018 23:34:40 GMT">
  <testcase classname="mouseHoverAction.MouseHoverAction" name="MouseHover" time="13.100"/>
</testsuite> <!-- mouseHoverAction.MouseHoverAction -->
